\BOOKMARK [0][-]{chapter.1}{\376\377\0001\000\040\000H\000i\000e\000r\000a\000r\000c\000h\000i\000c\000a\000l\000\040\000I\000n\000d\000e\000x}{}% 1
\BOOKMARK [1][-]{section.1.1}{\376\377\0001\000.\0001\000\040\000C\000l\000a\000s\000s\000\040\000H\000i\000e\000r\000a\000r\000c\000h\000y}{chapter.1}% 2
\BOOKMARK [0][-]{chapter.2}{\376\377\0002\000\040\000C\000l\000a\000s\000s\000\040\000I\000n\000d\000e\000x}{}% 3
\BOOKMARK [1][-]{section.2.1}{\376\377\0002\000.\0001\000\040\000C\000l\000a\000s\000s\000\040\000L\000i\000s\000t}{chapter.2}% 4
\BOOKMARK [0][-]{chapter.3}{\376\377\0003\000\040\000F\000i\000l\000e\000\040\000I\000n\000d\000e\000x}{}% 5
\BOOKMARK [1][-]{section.3.1}{\376\377\0003\000.\0001\000\040\000F\000i\000l\000e\000\040\000L\000i\000s\000t}{chapter.3}% 6
\BOOKMARK [0][-]{chapter.4}{\376\377\0004\000\040\000C\000l\000a\000s\000s\000\040\000D\000o\000c\000u\000m\000e\000n\000t\000a\000t\000i\000o\000n}{}% 7
\BOOKMARK [1][-]{section.4.1}{\376\377\0004\000.\0001\000\040\000C\000l\000a\000s\000s\000i\000f\000i\000e\000r\000\040\000C\000l\000a\000s\000s\000\040\000R\000e\000f\000e\000r\000e\000n\000c\000e}{chapter.4}% 8
\BOOKMARK [2][-]{subsection.4.1.1}{\376\377\0004\000.\0001\000.\0001\000\040\000M\000e\000m\000b\000e\000r\000\040\000F\000u\000n\000c\000t\000i\000o\000n\000\040\000D\000o\000c\000u\000m\000e\000n\000t\000a\000t\000i\000o\000n}{section.4.1}% 9
\BOOKMARK [3][-]{subsubsection.4.1.1.1}{\376\377\0004\000.\0001\000.\0001\000.\0001\000\040\000e\000v\000a\000l\000u\000a\000t\000e\000\050\000\051}{subsection.4.1.1}% 10
\BOOKMARK [3][-]{subsubsection.4.1.1.2}{\376\377\0004\000.\0001\000.\0001\000.\0002\000\040\000g\000e\000t\000S\000t\000e\000p\000s\000\050\000\051}{subsection.4.1.1}% 11
\BOOKMARK [3][-]{subsubsection.4.1.1.3}{\376\377\0004\000.\0001\000.\0001\000.\0003\000\040\000g\000e\000t\000U\000p\000d\000a\000t\000e\000s\000\050\000\051}{subsection.4.1.1}% 12
\BOOKMARK [3][-]{subsubsection.4.1.1.4}{\376\377\0004\000.\0001\000.\0001\000.\0004\000\040\000s\000e\000t\000S\000a\000m\000p\000l\000e\000s\000\050\000\051}{subsection.4.1.1}% 13
\BOOKMARK [3][-]{subsubsection.4.1.1.5}{\376\377\0004\000.\0001\000.\0001\000.\0005\000\040\000t\000r\000a\000i\000n\000\050\000\051}{subsection.4.1.1}% 14
\BOOKMARK [1][-]{section.4.2}{\376\377\0004\000.\0002\000\040\000D\000a\000t\000a\000\040\000C\000l\000a\000s\000s\000\040\000R\000e\000f\000e\000r\000e\000n\000c\000e}{chapter.4}% 15
\BOOKMARK [2][-]{subsection.4.2.1}{\376\377\0004\000.\0002\000.\0001\000\040\000D\000e\000t\000a\000i\000l\000e\000d\000\040\000D\000e\000s\000c\000r\000i\000p\000t\000i\000o\000n}{section.4.2}% 16
\BOOKMARK [2][-]{subsection.4.2.2}{\376\377\0004\000.\0002\000.\0002\000\040\000C\000o\000n\000s\000t\000r\000u\000c\000t\000o\000r\000\040\000\046\000\040\000D\000e\000s\000t\000r\000u\000c\000t\000o\000r\000\040\000D\000o\000c\000u\000m\000e\000n\000t\000a\000t\000i\000o\000n}{section.4.2}% 17
\BOOKMARK [3][-]{subsubsection.4.2.2.1}{\376\377\0004\000.\0002\000.\0002\000.\0001\000\040\000D\000a\000t\000a\000\050\000\051\000\040\000[\0001\000/\0002\000]}{subsection.4.2.2}% 18
\BOOKMARK [3][-]{subsubsection.4.2.2.2}{\376\377\0004\000.\0002\000.\0002\000.\0002\000\040\000D\000a\000t\000a\000\050\000\051\000\040\000[\0002\000/\0002\000]}{subsection.4.2.2}% 19
\BOOKMARK [2][-]{subsection.4.2.3}{\376\377\0004\000.\0002\000.\0003\000\040\000M\000e\000m\000b\000e\000r\000\040\000F\000u\000n\000c\000t\000i\000o\000n\000\040\000D\000o\000c\000u\000m\000e\000n\000t\000a\000t\000i\000o\000n}{section.4.2}% 20
\BOOKMARK [3][-]{subsubsection.4.2.3.1}{\376\377\0004\000.\0002\000.\0003\000.\0001\000\040\000c\000h\000a\000n\000g\000e\000X\000V\000e\000c\000t\000o\000r\000\050\000\051}{subsection.4.2.3}% 21
\BOOKMARK [3][-]{subsubsection.4.2.3.2}{\376\377\0004\000.\0002\000.\0003\000.\0002\000\040\000c\000o\000p\000y\000\050\000\051}{subsection.4.2.3}% 22
\BOOKMARK [3][-]{subsubsection.4.2.3.3}{\376\377\0004\000.\0002\000.\0003\000.\0003\000\040\000c\000o\000p\000y\000Z\000e\000r\000o\000\050\000\051}{subsection.4.2.3}% 23
\BOOKMARK [3][-]{subsubsection.4.2.3.4}{\376\377\0004\000.\0002\000.\0003\000.\0004\000\040\000g\000e\000t\000D\000i\000m\000\050\000\051}{subsection.4.2.3}% 24
\BOOKMARK [3][-]{subsubsection.4.2.3.5}{\376\377\0004\000.\0002\000.\0003\000.\0005\000\040\000g\000e\000t\000F\000e\000a\000t\000u\000r\000e\000s\000N\000a\000m\000e\000s\000\050\000\051}{subsection.4.2.3}% 25
\BOOKMARK [3][-]{subsubsection.4.2.3.6}{\376\377\0004\000.\0002\000.\0003\000.\0006\000\040\000g\000e\000t\000I\000n\000d\000e\000x\000\050\000\051}{subsection.4.2.3}% 26
\BOOKMARK [3][-]{subsubsection.4.2.3.7}{\376\377\0004\000.\0002\000.\0003\000.\0007\000\040\000g\000e\000t\000N\000u\000m\000b\000e\000r\000N\000e\000g\000a\000t\000i\000v\000e\000P\000o\000i\000n\000t\000s\000\050\000\051}{subsection.4.2.3}% 27
\BOOKMARK [3][-]{subsubsection.4.2.3.8}{\376\377\0004\000.\0002\000.\0003\000.\0008\000\040\000g\000e\000t\000N\000u\000m\000b\000e\000r\000P\000o\000s\000i\000t\000i\000v\000e\000P\000o\000i\000n\000t\000s\000\050\000\051}{subsection.4.2.3}% 28
\BOOKMARK [3][-]{subsubsection.4.2.3.9}{\376\377\0004\000.\0002\000.\0003\000.\0009\000\040\000g\000e\000t\000P\000o\000i\000n\000t\000\050\000\051}{subsection.4.2.3}% 29
\BOOKMARK [3][-]{subsubsection.4.2.3.10}{\376\377\0004\000.\0002\000.\0003\000.\0001\0000\000\040\000g\000e\000t\000P\000o\000i\000n\000t\000s\000\050\000\051}{subsection.4.2.3}% 30
\BOOKMARK [3][-]{subsubsection.4.2.3.11}{\376\377\0004\000.\0002\000.\0003\000.\0001\0001\000\040\000g\000e\000t\000S\000i\000z\000e\000\050\000\051}{subsection.4.2.3}% 31
\BOOKMARK [3][-]{subsubsection.4.2.3.12}{\376\377\0004\000.\0002\000.\0003\000.\0001\0002\000\040\000g\000e\000t\000S\000t\000a\000t\000i\000s\000t\000i\000c\000s\000\050\000\051}{subsection.4.2.3}% 32
\BOOKMARK [3][-]{subsubsection.4.2.3.13}{\376\377\0004\000.\0002\000.\0003\000.\0001\0003\000\040\000i\000n\000s\000e\000r\000t\000F\000e\000a\000t\000u\000r\000e\000s\000\050\000\051}{subsection.4.2.3}% 33
\BOOKMARK [3][-]{subsubsection.4.2.3.14}{\376\377\0004\000.\0002\000.\0003\000.\0001\0004\000\040\000i\000n\000s\000e\000r\000t\000P\000o\000i\000n\000t\000\050\000\051\000\040\000[\0001\000/\0002\000]}{subsection.4.2.3}% 34
\BOOKMARK [3][-]{subsubsection.4.2.3.15}{\376\377\0004\000.\0002\000.\0003\000.\0001\0005\000\040\000i\000n\000s\000e\000r\000t\000P\000o\000i\000n\000t\000\050\000\051\000\040\000[\0002\000/\0002\000]}{subsection.4.2.3}% 35
\BOOKMARK [3][-]{subsubsection.4.2.3.16}{\376\377\0004\000.\0002\000.\0003\000.\0001\0006\000\040\000i\000s\000E\000m\000p\000t\000y\000\050\000\051}{subsection.4.2.3}% 36
\BOOKMARK [3][-]{subsubsection.4.2.3.17}{\376\377\0004\000.\0002\000.\0003\000.\0001\0007\000\040\000i\000s\000N\000o\000r\000m\000a\000l\000i\000z\000e\000d\000\050\000\051}{subsection.4.2.3}% 37
\BOOKMARK [3][-]{subsubsection.4.2.3.18}{\376\377\0004\000.\0002\000.\0003\000.\0001\0008\000\040\000j\000o\000i\000n\000\050\000\051}{subsection.4.2.3}% 38
\BOOKMARK [3][-]{subsubsection.4.2.3.19}{\376\377\0004\000.\0002\000.\0003\000.\0001\0009\000\040\000l\000o\000a\000d\000\050\000\051}{subsection.4.2.3}% 39
\BOOKMARK [3][-]{subsubsection.4.2.3.20}{\376\377\0004\000.\0002\000.\0003\000.\0002\0000\000\040\000n\000o\000r\000m\000a\000l\000i\000z\000e\000\050\000\051\000\040\000[\0001\000/\0002\000]}{subsection.4.2.3}% 40
\BOOKMARK [3][-]{subsubsection.4.2.3.21}{\376\377\0004\000.\0002\000.\0003\000.\0002\0001\000\040\000n\000o\000r\000m\000a\000l\000i\000z\000e\000\050\000\051\000\040\000[\0002\000/\0002\000]}{subsection.4.2.3}% 41
\BOOKMARK [3][-]{subsubsection.4.2.3.22}{\376\377\0004\000.\0002\000.\0003\000.\0002\0002\000\040\000r\000e\000m\000o\000v\000e\000F\000e\000a\000t\000u\000r\000e\000s\000\050\000\051}{subsection.4.2.3}% 42
\BOOKMARK [3][-]{subsubsection.4.2.3.23}{\376\377\0004\000.\0002\000.\0003\000.\0002\0003\000\040\000r\000e\000m\000o\000v\000e\000P\000o\000i\000n\000t\000\050\000\051}{subsection.4.2.3}% 43
\BOOKMARK [3][-]{subsubsection.4.2.3.24}{\376\377\0004\000.\0002\000.\0003\000.\0002\0004\000\040\000r\000e\000m\000o\000v\000e\000P\000o\000i\000n\000t\000s\000\050\000\051}{subsection.4.2.3}% 44
\BOOKMARK [3][-]{subsubsection.4.2.3.25}{\376\377\0004\000.\0002\000.\0003\000.\0002\0005\000\040\000s\000e\000t\000C\000l\000a\000s\000s\000e\000s\000\050\000\051}{subsection.4.2.3}% 45
\BOOKMARK [3][-]{subsubsection.4.2.3.26}{\376\377\0004\000.\0002\000.\0003\000.\0002\0006\000\040\000s\000e\000t\000D\000i\000m\000\050\000\051}{subsection.4.2.3}% 46
\BOOKMARK [3][-]{subsubsection.4.2.3.27}{\376\377\0004\000.\0002\000.\0003\000.\0002\0007\000\040\000s\000e\000t\000F\000e\000a\000t\000u\000r\000e\000s\000N\000a\000m\000e\000s\000\050\000\051}{subsection.4.2.3}% 47
\BOOKMARK [3][-]{subsubsection.4.2.3.28}{\376\377\0004\000.\0002\000.\0003\000.\0002\0008\000\040\000s\000e\000t\000P\000o\000i\000n\000t\000\050\000\051}{subsection.4.2.3}% 48
\BOOKMARK [3][-]{subsubsection.4.2.3.29}{\376\377\0004\000.\0002\000.\0003\000.\0002\0009\000\040\000w\000r\000i\000t\000e\000\050\000\051}{subsection.4.2.3}% 49
\BOOKMARK [1][-]{section.4.3}{\376\377\0004\000.\0003\000\040\000D\000u\000a\000l\000C\000l\000a\000s\000s\000i\000f\000i\000e\000r\000\040\000C\000l\000a\000s\000s\000\040\000R\000e\000f\000e\000r\000e\000n\000c\000e}{chapter.4}% 50
\BOOKMARK [2][-]{subsection.4.3.1}{\376\377\0004\000.\0003\000.\0001\000\040\000M\000e\000m\000b\000e\000r\000\040\000F\000u\000n\000c\000t\000i\000o\000n\000\040\000D\000o\000c\000u\000m\000e\000n\000t\000a\000t\000i\000o\000n}{section.4.3}% 51
\BOOKMARK [3][-]{subsubsection.4.3.1.1}{\376\377\0004\000.\0003\000.\0001\000.\0001\000\040\000g\000e\000t\000S\000o\000l\000u\000t\000i\000o\000n\000\050\000\051}{subsection.4.3.1}% 52
\BOOKMARK [3][-]{subsubsection.4.3.1.2}{\376\377\0004\000.\0003\000.\0001\000.\0002\000\040\000s\000e\000t\000K\000e\000r\000n\000e\000l\000\050\000\051}{subsection.4.3.1}% 53
\BOOKMARK [1][-]{section.4.4}{\376\377\0004\000.\0004\000\040\000F\000e\000a\000t\000u\000r\000e\000S\000e\000l\000e\000c\000t\000i\000o\000n\000\040\000C\000l\000a\000s\000s\000\040\000R\000e\000f\000e\000r\000e\000n\000c\000e}{chapter.4}% 54
\BOOKMARK [1][-]{section.4.5}{\376\377\0004\000.\0005\000\040\000G\000n\000u\000p\000l\000o\000t\000\040\000C\000l\000a\000s\000s\000\040\000R\000e\000f\000e\000r\000e\000n\000c\000e}{chapter.4}% 55
\BOOKMARK [2][-]{subsection.4.5.1}{\376\377\0004\000.\0005\000.\0001\000\040\000M\000e\000m\000b\000e\000r\000\040\000F\000u\000n\000c\000t\000i\000o\000n\000\040\000D\000o\000c\000u\000m\000e\000n\000t\000a\000t\000i\000o\000n}{section.4.5}% 56
\BOOKMARK [3][-]{subsubsection.4.5.1.1}{\376\377\0004\000.\0005\000.\0001\000.\0001\000\040\000i\000s\000\137\000v\000a\000l\000i\000d\000\050\000\051}{subsection.4.5.1}% 57
\BOOKMARK [3][-]{subsubsection.4.5.1.2}{\376\377\0004\000.\0005\000.\0001\000.\0002\000\040\000o\000p\000e\000r\000a\000t\000o\000r\000<\000<\000\050\000\051}{subsection.4.5.1}% 58
\BOOKMARK [3][-]{subsubsection.4.5.1.3}{\376\377\0004\000.\0005\000.\0001\000.\0003\000\040\000p\000l\000o\000t\000\137\000e\000q\000u\000a\000t\000i\000o\000n\000\050\000\051}{subsection.4.5.1}% 59
\BOOKMARK [3][-]{subsubsection.4.5.1.4}{\376\377\0004\000.\0005\000.\0001\000.\0004\000\040\000p\000l\000o\000t\000\137\000e\000q\000u\000a\000t\000i\000o\000n\0003\000d\000\050\000\051}{subsection.4.5.1}% 60
\BOOKMARK [3][-]{subsubsection.4.5.1.5}{\376\377\0004\000.\0005\000.\0001\000.\0005\000\040\000p\000l\000o\000t\000\137\000i\000m\000a\000g\000e\000\050\000\051}{subsection.4.5.1}% 61
\BOOKMARK [3][-]{subsubsection.4.5.1.6}{\376\377\0004\000.\0005\000.\0001\000.\0006\000\040\000p\000l\000o\000t\000\137\000x\000\050\000\051}{subsection.4.5.1}% 62
\BOOKMARK [3][-]{subsubsection.4.5.1.7}{\376\377\0004\000.\0005\000.\0001\000.\0007\000\040\000p\000l\000o\000t\000\137\000x\000y\000\050\000\051}{subsection.4.5.1}% 63
\BOOKMARK [3][-]{subsubsection.4.5.1.8}{\376\377\0004\000.\0005\000.\0001\000.\0008\000\040\000p\000l\000o\000t\000\137\000x\000y\000\137\000e\000r\000r\000\050\000\051}{subsection.4.5.1}% 64
\BOOKMARK [3][-]{subsubsection.4.5.1.9}{\376\377\0004\000.\0005\000.\0001\000.\0009\000\040\000p\000l\000o\000t\000f\000i\000l\000e\000\137\000x\000\050\000\051}{subsection.4.5.1}% 65
\BOOKMARK [3][-]{subsubsection.4.5.1.10}{\376\377\0004\000.\0005\000.\0001\000.\0001\0000\000\040\000p\000l\000o\000t\000f\000i\000l\000e\000\137\000x\000y\000\050\000\051}{subsection.4.5.1}% 66
\BOOKMARK [3][-]{subsubsection.4.5.1.11}{\376\377\0004\000.\0005\000.\0001\000.\0001\0001\000\040\000p\000l\000o\000t\000f\000i\000l\000e\000\137\000x\000y\000\137\000e\000r\000r\000\050\000\051}{subsection.4.5.1}% 67
\BOOKMARK [3][-]{subsubsection.4.5.1.12}{\376\377\0004\000.\0005\000.\0001\000.\0001\0002\000\040\000p\000l\000o\000t\000f\000i\000l\000e\000\137\000x\000y\000z\000\050\000\051}{subsection.4.5.1}% 68
\BOOKMARK [3][-]{subsubsection.4.5.1.13}{\376\377\0004\000.\0005\000.\0001\000.\0001\0003\000\040\000r\000e\000p\000l\000o\000t\000\050\000\051}{subsection.4.5.1}% 69
\BOOKMARK [3][-]{subsubsection.4.5.1.14}{\376\377\0004\000.\0005\000.\0001\000.\0001\0004\000\040\000s\000e\000t\000\137\000c\000o\000n\000t\000o\000u\000r\000\050\000\051}{subsection.4.5.1}% 70
\BOOKMARK [3][-]{subsubsection.4.5.1.15}{\376\377\0004\000.\0005\000.\0001\000.\0001\0005\000\040\000s\000e\000t\000\137\000G\000N\000U\000P\000l\000o\000t\000P\000a\000t\000h\000\050\000\051}{subsection.4.5.1}% 71
\BOOKMARK [3][-]{subsubsection.4.5.1.16}{\376\377\0004\000.\0005\000.\0001\000.\0001\0006\000\040\000s\000e\000t\000\137\000h\000i\000d\000d\000e\000n\0003\000d\000\050\000\051}{subsection.4.5.1}% 72
\BOOKMARK [3][-]{subsubsection.4.5.1.17}{\376\377\0004\000.\0005\000.\0001\000.\0001\0007\000\040\000s\000e\000t\000\137\000l\000e\000g\000e\000n\000d\000\050\000\051}{subsection.4.5.1}% 73
\BOOKMARK [3][-]{subsubsection.4.5.1.18}{\376\377\0004\000.\0005\000.\0001\000.\0001\0008\000\040\000s\000e\000t\000\137\000m\000u\000l\000t\000i\000p\000l\000o\000t\000\050\000\051}{subsection.4.5.1}% 74
\BOOKMARK [3][-]{subsubsection.4.5.1.19}{\376\377\0004\000.\0005\000.\0001\000.\0001\0009\000\040\000s\000e\000t\000\137\000s\000m\000o\000o\000t\000h\000\050\000\051}{subsection.4.5.1}% 75
\BOOKMARK [3][-]{subsubsection.4.5.1.20}{\376\377\0004\000.\0005\000.\0001\000.\0002\0000\000\040\000s\000e\000t\000\137\000s\000t\000y\000l\000e\000\050\000\051}{subsection.4.5.1}% 76
\BOOKMARK [3][-]{subsubsection.4.5.1.21}{\376\377\0004\000.\0005\000.\0001\000.\0002\0001\000\040\000s\000e\000t\000\137\000s\000u\000r\000f\000a\000c\000e\000\050\000\051}{subsection.4.5.1}% 77
\BOOKMARK [3][-]{subsubsection.4.5.1.22}{\376\377\0004\000.\0005\000.\0001\000.\0002\0002\000\040\000s\000e\000t\000\137\000t\000e\000r\000m\000i\000n\000a\000l\000\137\000s\000t\000d\000\050\000\051}{subsection.4.5.1}% 78
\BOOKMARK [3][-]{subsubsection.4.5.1.23}{\376\377\0004\000.\0005\000.\0001\000.\0002\0003\000\040\000s\000e\000t\000\137\000t\000i\000t\000l\000e\000\050\000\051}{subsection.4.5.1}% 79
\BOOKMARK [3][-]{subsubsection.4.5.1.24}{\376\377\0004\000.\0005\000.\0001\000.\0002\0004\000\040\000s\000e\000t\000\137\000x\000a\000u\000t\000o\000s\000c\000a\000l\000e\000\050\000\051}{subsection.4.5.1}% 80
\BOOKMARK [3][-]{subsubsection.4.5.1.25}{\376\377\0004\000.\0005\000.\0001\000.\0002\0005\000\040\000s\000e\000t\000\137\000y\000a\000u\000t\000o\000s\000c\000a\000l\000e\000\050\000\051}{subsection.4.5.1}% 81
\BOOKMARK [3][-]{subsubsection.4.5.1.26}{\376\377\0004\000.\0005\000.\0001\000.\0002\0006\000\040\000s\000e\000t\000\137\000z\000a\000u\000t\000o\000s\000c\000a\000l\000e\000\050\000\051}{subsection.4.5.1}% 82
\BOOKMARK [3][-]{subsubsection.4.5.1.27}{\376\377\0004\000.\0005\000.\0001\000.\0002\0007\000\040\000u\000n\000s\000e\000t\000\137\000c\000o\000n\000t\000o\000u\000r\000\050\000\051}{subsection.4.5.1}% 83
\BOOKMARK [3][-]{subsubsection.4.5.1.28}{\376\377\0004\000.\0005\000.\0001\000.\0002\0008\000\040\000u\000n\000s\000e\000t\000\137\000h\000i\000d\000d\000e\000n\0003\000d\000\050\000\051}{subsection.4.5.1}% 84
\BOOKMARK [3][-]{subsubsection.4.5.1.29}{\376\377\0004\000.\0005\000.\0001\000.\0002\0009\000\040\000u\000n\000s\000e\000t\000\137\000l\000e\000g\000e\000n\000d\000\050\000\051}{subsection.4.5.1}% 85
\BOOKMARK [3][-]{subsubsection.4.5.1.30}{\376\377\0004\000.\0005\000.\0001\000.\0003\0000\000\040\000u\000n\000s\000e\000t\000\137\000m\000u\000l\000t\000i\000p\000l\000o\000t\000\050\000\051}{subsection.4.5.1}% 86
\BOOKMARK [3][-]{subsubsection.4.5.1.31}{\376\377\0004\000.\0005\000.\0001\000.\0003\0001\000\040\000u\000n\000s\000e\000t\000\137\000s\000m\000o\000o\000t\000h\000\050\000\051}{subsection.4.5.1}% 87
\BOOKMARK [3][-]{subsubsection.4.5.1.32}{\376\377\0004\000.\0005\000.\0001\000.\0003\0002\000\040\000u\000n\000s\000e\000t\000\137\000s\000u\000r\000f\000a\000c\000e\000\050\000\051}{subsection.4.5.1}% 88
\BOOKMARK [3][-]{subsubsection.4.5.1.33}{\376\377\0004\000.\0005\000.\0001\000.\0003\0003\000\040\000u\000n\000s\000e\000t\000\137\000t\000i\000t\000l\000e\000\050\000\051}{subsection.4.5.1}% 89
\BOOKMARK [3][-]{subsubsection.4.5.1.34}{\376\377\0004\000.\0005\000.\0001\000.\0003\0004\000\040\000u\000n\000s\000e\000t\000\137\000x\000l\000o\000g\000s\000c\000a\000l\000e\000\050\000\051}{subsection.4.5.1}% 90
\BOOKMARK [3][-]{subsubsection.4.5.1.35}{\376\377\0004\000.\0005\000.\0001\000.\0003\0005\000\040\000u\000n\000s\000e\000t\000\137\000y\000l\000o\000g\000s\000c\000a\000l\000e\000\050\000\051}{subsection.4.5.1}% 91
\BOOKMARK [3][-]{subsubsection.4.5.1.36}{\376\377\0004\000.\0005\000.\0001\000.\0003\0006\000\040\000u\000n\000s\000e\000t\000\137\000z\000l\000o\000g\000s\000c\000a\000l\000e\000\050\000\051}{subsection.4.5.1}% 92
\BOOKMARK [1][-]{section.4.6}{\376\377\0004\000.\0006\000\040\000G\000n\000u\000p\000l\000o\000t\000E\000x\000c\000e\000p\000t\000i\000o\000n\000\040\000C\000l\000a\000s\000s\000\040\000R\000e\000f\000e\000r\000e\000n\000c\000e}{chapter.4}% 93
\BOOKMARK [2][-]{subsection.4.6.1}{\376\377\0004\000.\0006\000.\0001\000\040\000D\000e\000t\000a\000i\000l\000e\000d\000\040\000D\000e\000s\000c\000r\000i\000p\000t\000i\000o\000n}{section.4.6}% 94
\BOOKMARK [1][-]{section.4.7}{\376\377\0004\000.\0007\000\040\000K\000e\000r\000n\000e\000l\000\040\000C\000l\000a\000s\000s\000\040\000R\000e\000f\000e\000r\000e\000n\000c\000e}{chapter.4}% 95
\BOOKMARK [2][-]{subsection.4.7.1}{\376\377\0004\000.\0007\000.\0001\000\040\000D\000e\000t\000a\000i\000l\000e\000d\000\040\000D\000e\000s\000c\000r\000i\000p\000t\000i\000o\000n}{section.4.7}% 96
\BOOKMARK [2][-]{subsection.4.7.2}{\376\377\0004\000.\0007\000.\0002\000\040\000C\000o\000n\000s\000t\000r\000u\000c\000t\000o\000r\000\040\000\046\000\040\000D\000e\000s\000t\000r\000u\000c\000t\000o\000r\000\040\000D\000o\000c\000u\000m\000e\000n\000t\000a\000t\000i\000o\000n}{section.4.7}% 97
\BOOKMARK [3][-]{subsubsection.4.7.2.1}{\376\377\0004\000.\0007\000.\0002\000.\0001\000\040\000K\000e\000r\000n\000e\000l\000\050\000\051}{subsection.4.7.2}% 98
\BOOKMARK [2][-]{subsection.4.7.3}{\376\377\0004\000.\0007\000.\0003\000\040\000M\000e\000m\000b\000e\000r\000\040\000F\000u\000n\000c\000t\000i\000o\000n\000\040\000D\000o\000c\000u\000m\000e\000n\000t\000a\000t\000i\000o\000n}{section.4.7}% 99
\BOOKMARK [3][-]{subsubsection.4.7.3.1}{\376\377\0004\000.\0007\000.\0003\000.\0001\000\040\000c\000o\000m\000p\000u\000t\000e\000\050\000\051}{subsection.4.7.3}% 100
\BOOKMARK [3][-]{subsubsection.4.7.3.2}{\376\377\0004\000.\0007\000.\0003\000.\0002\000\040\000f\000u\000n\000c\000t\000i\000o\000n\000\050\000\051}{subsection.4.7.3}% 101
\BOOKMARK [3][-]{subsubsection.4.7.3.3}{\376\377\0004\000.\0007\000.\0003\000.\0003\000\040\000g\000e\000t\000K\000e\000r\000n\000e\000l\000M\000a\000t\000r\000i\000x\000\050\000\051}{subsection.4.7.3}% 102
\BOOKMARK [3][-]{subsubsection.4.7.3.4}{\376\377\0004\000.\0007\000.\0003\000.\0004\000\040\000n\000o\000r\000m\000\050\000\051}{subsection.4.7.3}% 103
\BOOKMARK [3][-]{subsubsection.4.7.3.5}{\376\377\0004\000.\0007\000.\0003\000.\0005\000\040\000s\000e\000t\000K\000e\000r\000n\000e\000l\000M\000a\000t\000r\000i\000x\000\050\000\051}{subsection.4.7.3}% 104
\BOOKMARK [3][-]{subsubsection.4.7.3.6}{\376\377\0004\000.\0007\000.\0003\000.\0006\000\040\000s\000e\000t\000P\000a\000r\000a\000m\000\050\000\051}{subsection.4.7.3}% 105
\BOOKMARK [3][-]{subsubsection.4.7.3.7}{\376\377\0004\000.\0007\000.\0003\000.\0007\000\040\000s\000e\000t\000T\000y\000p\000e\000\050\000\051}{subsection.4.7.3}% 106
\BOOKMARK [1][-]{section.4.8}{\376\377\0004\000.\0008\000\040\000P\000e\000r\000c\000e\000p\000t\000r\000o\000n\000D\000u\000a\000l\000\040\000C\000l\000a\000s\000s\000\040\000R\000e\000f\000e\000r\000e\000n\000c\000e}{chapter.4}% 107
\BOOKMARK [2][-]{subsection.4.8.1}{\376\377\0004\000.\0008\000.\0001\000\040\000D\000e\000t\000a\000i\000l\000e\000d\000\040\000D\000e\000s\000c\000r\000i\000p\000t\000i\000o\000n}{section.4.8}% 108
\BOOKMARK [2][-]{subsection.4.8.2}{\376\377\0004\000.\0008\000.\0002\000\040\000M\000e\000m\000b\000e\000r\000\040\000F\000u\000n\000c\000t\000i\000o\000n\000\040\000D\000o\000c\000u\000m\000e\000n\000t\000a\000t\000i\000o\000n}{section.4.8}% 109
\BOOKMARK [3][-]{subsubsection.4.8.2.1}{\376\377\0004\000.\0008\000.\0002\000.\0001\000\040\000e\000v\000a\000l\000u\000a\000t\000e\000\050\000\051}{subsection.4.8.2}% 110
\BOOKMARK [3][-]{subsubsection.4.8.2.2}{\376\377\0004\000.\0008\000.\0002\000.\0002\000\040\000t\000r\000a\000i\000n\000\050\000\051}{subsection.4.8.2}% 111
\BOOKMARK [1][-]{section.4.9}{\376\377\0004\000.\0009\000\040\000P\000e\000r\000c\000e\000p\000t\000r\000o\000n\000F\000i\000x\000e\000d\000M\000a\000r\000g\000i\000n\000D\000u\000a\000l\000\040\000C\000l\000a\000s\000s\000\040\000R\000e\000f\000e\000r\000e\000n\000c\000e}{chapter.4}% 112
\BOOKMARK [2][-]{subsection.4.9.1}{\376\377\0004\000.\0009\000.\0001\000\040\000D\000e\000t\000a\000i\000l\000e\000d\000\040\000D\000e\000s\000c\000r\000i\000p\000t\000i\000o\000n}{section.4.9}% 113
\BOOKMARK [2][-]{subsection.4.9.2}{\376\377\0004\000.\0009\000.\0002\000\040\000M\000e\000m\000b\000e\000r\000\040\000F\000u\000n\000c\000t\000i\000o\000n\000\040\000D\000o\000c\000u\000m\000e\000n\000t\000a\000t\000i\000o\000n}{section.4.9}% 114
\BOOKMARK [3][-]{subsubsection.4.9.2.1}{\376\377\0004\000.\0009\000.\0002\000.\0001\000\040\000e\000v\000a\000l\000u\000a\000t\000e\000\050\000\051}{subsection.4.9.2}% 115
\BOOKMARK [3][-]{subsubsection.4.9.2.2}{\376\377\0004\000.\0009\000.\0002\000.\0002\000\040\000t\000r\000a\000i\000n\000\050\000\051}{subsection.4.9.2}% 116
\BOOKMARK [1][-]{section.4.10}{\376\377\0004\000.\0001\0000\000\040\000P\000e\000r\000c\000e\000p\000t\000r\000o\000n\000F\000i\000x\000e\000d\000M\000a\000r\000g\000i\000n\000P\000r\000i\000m\000a\000l\000\040\000C\000l\000a\000s\000s\000\040\000R\000e\000f\000e\000r\000e\000n\000c\000e}{chapter.4}% 117
\BOOKMARK [2][-]{subsection.4.10.1}{\376\377\0004\000.\0001\0000\000.\0001\000\040\000D\000e\000t\000a\000i\000l\000e\000d\000\040\000D\000e\000s\000c\000r\000i\000p\000t\000i\000o\000n}{section.4.10}% 118
\BOOKMARK [2][-]{subsection.4.10.2}{\376\377\0004\000.\0001\0000\000.\0002\000\040\000M\000e\000m\000b\000e\000r\000\040\000F\000u\000n\000c\000t\000i\000o\000n\000\040\000D\000o\000c\000u\000m\000e\000n\000t\000a\000t\000i\000o\000n}{section.4.10}% 119
\BOOKMARK [3][-]{subsubsection.4.10.2.1}{\376\377\0004\000.\0001\0000\000.\0002\000.\0001\000\040\000e\000v\000a\000l\000u\000a\000t\000e\000\050\000\051}{subsection.4.10.2}% 120
\BOOKMARK [3][-]{subsubsection.4.10.2.2}{\376\377\0004\000.\0001\0000\000.\0002\000.\0002\000\040\000t\000r\000a\000i\000n\000\050\000\051}{subsection.4.10.2}% 121
\BOOKMARK [1][-]{section.4.11}{\376\377\0004\000.\0001\0001\000\040\000P\000e\000r\000c\000e\000p\000t\000r\000o\000n\000P\000r\000i\000m\000a\000l\000\040\000C\000l\000a\000s\000s\000\040\000R\000e\000f\000e\000r\000e\000n\000c\000e}{chapter.4}% 122
\BOOKMARK [2][-]{subsection.4.11.1}{\376\377\0004\000.\0001\0001\000.\0001\000\040\000D\000e\000t\000a\000i\000l\000e\000d\000\040\000D\000e\000s\000c\000r\000i\000p\000t\000i\000o\000n}{section.4.11}% 123
\BOOKMARK [2][-]{subsection.4.11.2}{\376\377\0004\000.\0001\0001\000.\0002\000\040\000M\000e\000m\000b\000e\000r\000\040\000F\000u\000n\000c\000t\000i\000o\000n\000\040\000D\000o\000c\000u\000m\000e\000n\000t\000a\000t\000i\000o\000n}{section.4.11}% 124
\BOOKMARK [3][-]{subsubsection.4.11.2.1}{\376\377\0004\000.\0001\0001\000.\0002\000.\0001\000\040\000e\000v\000a\000l\000u\000a\000t\000e\000\050\000\051}{subsection.4.11.2}% 125
\BOOKMARK [3][-]{subsubsection.4.11.2.2}{\376\377\0004\000.\0001\0001\000.\0002\000.\0002\000\040\000t\000r\000a\000i\000n\000\050\000\051}{subsection.4.11.2}% 126
\BOOKMARK [1][-]{section.4.12}{\376\377\0004\000.\0001\0002\000\040\000P\000o\000i\000n\000t\000\040\000C\000l\000a\000s\000s\000\040\000R\000e\000f\000e\000r\000e\000n\000c\000e}{chapter.4}% 127
\BOOKMARK [2][-]{subsection.4.12.1}{\376\377\0004\000.\0001\0002\000.\0001\000\040\000D\000e\000t\000a\000i\000l\000e\000d\000\040\000D\000e\000s\000c\000r\000i\000p\000t\000i\000o\000n}{section.4.12}% 128
\BOOKMARK [2][-]{subsection.4.12.2}{\376\377\0004\000.\0001\0002\000.\0002\000\040\000M\000e\000m\000b\000e\000r\000\040\000F\000u\000n\000c\000t\000i\000o\000n\000\040\000D\000o\000c\000u\000m\000e\000n\000t\000a\000t\000i\000o\000n}{section.4.12}% 129
\BOOKMARK [3][-]{subsubsection.4.12.2.1}{\376\377\0004\000.\0001\0002\000.\0002\000.\0001\000\040\000d\000o\000t\000\050\000\051}{subsection.4.12.2}% 130
\BOOKMARK [3][-]{subsubsection.4.12.2.2}{\376\377\0004\000.\0001\0002\000.\0002\000.\0002\000\040\000n\000o\000r\000m\000\050\000\051}{subsection.4.12.2}% 131
\BOOKMARK [1][-]{section.4.13}{\376\377\0004\000.\0001\0003\000\040\000P\000r\000i\000m\000a\000l\000C\000l\000a\000s\000s\000i\000f\000i\000e\000r\000\040\000C\000l\000a\000s\000s\000\040\000R\000e\000f\000e\000r\000e\000n\000c\000e}{chapter.4}% 132
\BOOKMARK [2][-]{subsection.4.13.1}{\376\377\0004\000.\0001\0003\000.\0001\000\040\000M\000e\000m\000b\000e\000r\000\040\000F\000u\000n\000c\000t\000i\000o\000n\000\040\000D\000o\000c\000u\000m\000e\000n\000t\000a\000t\000i\000o\000n}{section.4.13}% 133
\BOOKMARK [3][-]{subsubsection.4.13.1.1}{\376\377\0004\000.\0001\0003\000.\0001\000.\0001\000\040\000g\000e\000t\000S\000o\000l\000u\000t\000i\000o\000n\000\050\000\051}{subsection.4.13.1}% 134
\BOOKMARK [3][-]{subsubsection.4.13.1.2}{\376\377\0004\000.\0001\0003\000.\0001\000.\0002\000\040\000s\000e\000t\000N\000o\000r\000m\000\050\000\051}{subsection.4.13.1}% 135
\BOOKMARK [1][-]{section.4.14}{\376\377\0004\000.\0001\0004\000\040\000S\000o\000l\000u\000t\000i\000o\000n\000\040\000C\000l\000a\000s\000s\000\040\000R\000e\000f\000e\000r\000e\000n\000c\000e}{chapter.4}% 136
\BOOKMARK [1][-]{section.4.15}{\376\377\0004\000.\0001\0005\000\040\000S\000t\000a\000t\000i\000s\000t\000i\000c\000s\000\040\000C\000l\000a\000s\000s\000\040\000R\000e\000f\000e\000r\000e\000n\000c\000e}{chapter.4}% 137
\BOOKMARK [2][-]{subsection.4.15.1}{\376\377\0004\000.\0001\0005\000.\0001\000\040\000D\000e\000t\000a\000i\000l\000e\000d\000\040\000D\000e\000s\000c\000r\000i\000p\000t\000i\000o\000n}{section.4.15}% 138
\BOOKMARK [2][-]{subsection.4.15.2}{\376\377\0004\000.\0001\0005\000.\0002\000\040\000M\000e\000m\000b\000e\000r\000\040\000F\000u\000n\000c\000t\000i\000o\000n\000\040\000D\000o\000c\000u\000m\000e\000n\000t\000a\000t\000i\000o\000n}{section.4.15}% 139
\BOOKMARK [3][-]{subsubsection.4.15.2.1}{\376\377\0004\000.\0001\0005\000.\0002\000.\0001\000\040\000g\000e\000t\000D\000i\000s\000t\000C\000e\000n\000t\000e\000r\000s\000\050\000\051}{subsection.4.15.2}% 140
\BOOKMARK [3][-]{subsubsection.4.15.2.2}{\376\377\0004\000.\0001\0005\000.\0002\000.\0002\000\040\000g\000e\000t\000D\000i\000s\000t\000C\000e\000n\000t\000e\000r\000s\000W\000i\000t\000h\000o\000u\000t\000F\000e\000a\000t\000s\000\050\000\051}{subsection.4.15.2}% 141
\BOOKMARK [3][-]{subsubsection.4.15.2.3}{\376\377\0004\000.\0001\0005\000.\0002\000.\0003\000\040\000g\000e\000t\000F\000e\000a\000t\000u\000r\000e\000M\000e\000a\000n\000\050\000\051}{subsection.4.15.2}% 142
\BOOKMARK [3][-]{subsubsection.4.15.2.4}{\376\377\0004\000.\0001\0005\000.\0002\000.\0004\000\040\000g\000e\000t\000F\000e\000a\000t\000u\000r\000e\000S\000t\000d\000e\000v\000\050\000\051}{subsection.4.15.2}% 143
\BOOKMARK [3][-]{subsubsection.4.15.2.5}{\376\377\0004\000.\0001\0005\000.\0002\000.\0005\000\040\000g\000e\000t\000R\000a\000d\000i\000u\000s\000\050\000\051}{subsection.4.15.2}% 144
\BOOKMARK [3][-]{subsubsection.4.15.2.6}{\376\377\0004\000.\0001\0005\000.\0002\000.\0006\000\040\000m\000e\000a\000n\000\050\000\051}{subsection.4.15.2}% 145
\BOOKMARK [3][-]{subsubsection.4.15.2.7}{\376\377\0004\000.\0001\0005\000.\0002\000.\0007\000\040\000s\000t\000d\000e\000v\000\050\000\051}{subsection.4.15.2}% 146
\BOOKMARK [3][-]{subsubsection.4.15.2.8}{\376\377\0004\000.\0001\0005\000.\0002\000.\0008\000\040\000v\000a\000r\000i\000a\000n\000c\000e\000\050\000\051\000\040\000[\0001\000/\0002\000]}{subsection.4.15.2}% 147
\BOOKMARK [3][-]{subsubsection.4.15.2.9}{\376\377\0004\000.\0001\0005\000.\0002\000.\0009\000\040\000v\000a\000r\000i\000a\000n\000c\000e\000\050\000\051\000\040\000[\0002\000/\0002\000]}{subsection.4.15.2}% 148
\BOOKMARK [1][-]{section.4.16}{\376\377\0004\000.\0001\0006\000\040\000V\000a\000l\000i\000d\000a\000t\000i\000o\000n\000\040\000C\000l\000a\000s\000s\000\040\000R\000e\000f\000e\000r\000e\000n\000c\000e}{chapter.4}% 149
\BOOKMARK [2][-]{subsection.4.16.1}{\376\377\0004\000.\0001\0006\000.\0001\000\040\000D\000e\000t\000a\000i\000l\000e\000d\000\040\000D\000e\000s\000c\000r\000i\000p\000t\000i\000o\000n}{section.4.16}% 150
\BOOKMARK [2][-]{subsection.4.16.2}{\376\377\0004\000.\0001\0006\000.\0002\000\040\000M\000e\000m\000b\000e\000r\000\040\000F\000u\000n\000c\000t\000i\000o\000n\000\040\000D\000o\000c\000u\000m\000e\000n\000t\000a\000t\000i\000o\000n}{section.4.16}% 151
\BOOKMARK [3][-]{subsubsection.4.16.2.1}{\376\377\0004\000.\0001\0006\000.\0002\000.\0001\000\040\000p\000a\000r\000t\000T\000r\000a\000i\000n\000T\000e\000s\000t\000\050\000\051}{subsection.4.16.2}% 152
\BOOKMARK [1][-]{section.4.17}{\376\377\0004\000.\0001\0007\000\040\000V\000a\000l\000i\000d\000a\000t\000i\000o\000n\000S\000o\000l\000u\000t\000i\000o\000n\000\040\000C\000l\000a\000s\000s\000\040\000R\000e\000f\000e\000r\000e\000n\000c\000e}{chapter.4}% 153
\BOOKMARK [2][-]{subsection.4.17.1}{\376\377\0004\000.\0001\0007\000.\0001\000\040\000D\000e\000t\000a\000i\000l\000e\000d\000\040\000D\000e\000s\000c\000r\000i\000p\000t\000i\000o\000n}{section.4.17}% 154
\BOOKMARK [1][-]{section.4.18}{\376\377\0004\000.\0001\0008\000\040\000V\000i\000s\000u\000a\000l\000i\000s\000a\000t\000i\000o\000n\000\040\000C\000l\000a\000s\000s\000\040\000R\000e\000f\000e\000r\000e\000n\000c\000e}{chapter.4}% 155
\BOOKMARK [2][-]{subsection.4.18.1}{\376\377\0004\000.\0001\0008\000.\0001\000\040\000D\000e\000t\000a\000i\000l\000e\000d\000\040\000D\000e\000s\000c\000r\000i\000p\000t\000i\000o\000n}{section.4.18}% 156
\BOOKMARK [2][-]{subsection.4.18.2}{\376\377\0004\000.\0001\0008\000.\0002\000\040\000M\000e\000m\000b\000e\000r\000\040\000F\000u\000n\000c\000t\000i\000o\000n\000\040\000D\000o\000c\000u\000m\000e\000n\000t\000a\000t\000i\000o\000n}{section.4.18}% 157
\BOOKMARK [3][-]{subsubsection.4.18.2.1}{\376\377\0004\000.\0001\0008\000.\0002\000.\0001\000\040\000p\000l\000o\000t\0002\000D\000\050\000\051}{subsection.4.18.2}% 158
\BOOKMARK [3][-]{subsubsection.4.18.2.2}{\376\377\0004\000.\0001\0008\000.\0002\000.\0002\000\040\000p\000l\000o\000t\0002\000D\000w\000i\000t\000h\000H\000y\000p\000e\000r\000p\000l\000a\000n\000e\000\050\000\051}{subsection.4.18.2}% 159
\BOOKMARK [3][-]{subsubsection.4.18.2.3}{\376\377\0004\000.\0001\0008\000.\0002\000.\0003\000\040\000p\000l\000o\000t\0003\000D\000\050\000\051}{subsection.4.18.2}% 160
\BOOKMARK [3][-]{subsubsection.4.18.2.4}{\376\377\0004\000.\0001\0008\000.\0002\000.\0004\000\040\000p\000l\000o\000t\0003\000D\000w\000i\000t\000h\000H\000y\000p\000e\000r\000p\000l\000a\000n\000e\000\050\000\051}{subsection.4.18.2}% 161
\BOOKMARK [3][-]{subsubsection.4.18.2.5}{\376\377\0004\000.\0001\0008\000.\0002\000.\0005\000\040\000s\000e\000t\000S\000a\000m\000p\000l\000e\000\050\000\051}{subsection.4.18.2}% 162
\BOOKMARK [3][-]{subsubsection.4.18.2.6}{\376\377\0004\000.\0001\0008\000.\0002\000.\0006\000\040\000s\000e\000t\000S\000t\000y\000l\000e\000\050\000\051}{subsection.4.18.2}% 163
\BOOKMARK [3][-]{subsubsection.4.18.2.7}{\376\377\0004\000.\0001\0008\000.\0002\000.\0007\000\040\000s\000e\000t\000T\000i\000t\000l\000e\000\050\000\051}{subsection.4.18.2}% 164
\BOOKMARK [0][-]{chapter.5}{\376\377\0005\000\040\000F\000i\000l\000e\000\040\000D\000o\000c\000u\000m\000e\000n\000t\000a\000t\000i\000o\000n}{}% 165
\BOOKMARK [1][-]{section.5.1}{\376\377\0005\000.\0001\000\040\000i\000n\000c\000l\000u\000d\000e\000s\000/\000U\000t\000i\000l\000s\000.\000h\000p\000p\000\040\000F\000i\000l\000e\000\040\000R\000e\000f\000e\000r\000e\000n\000c\000e}{chapter.5}% 166
\BOOKMARK [2][-]{subsection.5.1.1}{\376\377\0005\000.\0001\000.\0001\000\040\000D\000e\000t\000a\000i\000l\000e\000d\000\040\000D\000e\000s\000c\000r\000i\000p\000t\000i\000o\000n}{section.5.1}% 167
\BOOKMARK [2][-]{subsection.5.1.2}{\376\377\0005\000.\0001\000.\0002\000\040\000F\000u\000n\000c\000t\000i\000o\000n\000\040\000D\000o\000c\000u\000m\000e\000n\000t\000a\000t\000i\000o\000n}{section.5.1}% 168
\BOOKMARK [3][-]{subsubsection.5.1.2.1}{\376\377\0005\000.\0001\000.\0002\000.\0001\000\040\000d\000t\000o\000a\000\050\000\051}{subsection.5.1.2}% 169
\BOOKMARK [3][-]{subsubsection.5.1.2.2}{\376\377\0005\000.\0001\000.\0002\000.\0002\000\040\000i\000s\000\137\000n\000u\000m\000b\000e\000r\000\050\000\051}{subsection.5.1.2}% 170
\BOOKMARK [3][-]{subsubsection.5.1.2.3}{\376\377\0005\000.\0001\000.\0002\000.\0003\000\040\000i\000t\000o\000s\000\050\000\051}{subsection.5.1.2}% 171
\BOOKMARK [3][-]{subsubsection.5.1.2.4}{\376\377\0005\000.\0001\000.\0002\000.\0004\000\040\000m\000a\000x\000A\000b\000s\000E\000l\000e\000m\000e\000n\000t\000\050\000\051}{subsection.5.1.2}% 172
\BOOKMARK [3][-]{subsubsection.5.1.2.5}{\376\377\0005\000.\0001\000.\0002\000.\0005\000\040\000s\000t\000o\000d\000n\000\050\000\051}{subsection.5.1.2}% 173
\BOOKMARK [3][-]{subsubsection.5.1.2.6}{\376\377\0005\000.\0001\000.\0002\000.\0006\000\040\000s\000t\000o\000i\000n\000\050\000\051}{subsection.5.1.2}% 174
\BOOKMARK [1][-]{section.5.2}{\376\377\0005\000.\0002\000\040\000s\000r\000c\000/\000D\000a\000t\000a\000.\000c\000p\000p\000\040\000F\000i\000l\000e\000\040\000R\000e\000f\000e\000r\000e\000n\000c\000e}{chapter.5}% 175
\BOOKMARK [2][-]{subsection.5.2.1}{\376\377\0005\000.\0002\000.\0001\000\040\000D\000e\000t\000a\000i\000l\000e\000d\000\040\000D\000e\000s\000c\000r\000i\000p\000t\000i\000o\000n}{section.5.2}% 176
\BOOKMARK [1][-]{section.5.3}{\376\377\0005\000.\0003\000\040\000s\000r\000c\000/\000P\000o\000i\000n\000t\000.\000c\000p\000p\000\040\000F\000i\000l\000e\000\040\000R\000e\000f\000e\000r\000e\000n\000c\000e}{chapter.5}% 177
\BOOKMARK [2][-]{subsection.5.3.1}{\376\377\0005\000.\0003\000.\0001\000\040\000D\000e\000t\000a\000i\000l\000e\000d\000\040\000D\000e\000s\000c\000r\000i\000p\000t\000i\000o\000n}{section.5.3}% 178
\BOOKMARK [1][-]{section.5.4}{\376\377\0005\000.\0004\000\040\000s\000r\000c\000/\000U\000t\000i\000l\000s\000.\000c\000p\000p\000\040\000F\000i\000l\000e\000\040\000R\000e\000f\000e\000r\000e\000n\000c\000e}{chapter.5}% 179
\BOOKMARK [2][-]{subsection.5.4.1}{\376\377\0005\000.\0004\000.\0001\000\040\000D\000e\000t\000a\000i\000l\000e\000d\000\040\000D\000e\000s\000c\000r\000i\000p\000t\000i\000o\000n}{section.5.4}% 180
\BOOKMARK [2][-]{subsection.5.4.2}{\376\377\0005\000.\0004\000.\0002\000\040\000F\000u\000n\000c\000t\000i\000o\000n\000\040\000D\000o\000c\000u\000m\000e\000n\000t\000a\000t\000i\000o\000n}{section.5.4}% 181
\BOOKMARK [3][-]{subsubsection.5.4.2.1}{\376\377\0005\000.\0004\000.\0002\000.\0001\000\040\000d\000t\000o\000a\000\050\000\051}{subsection.5.4.2}% 182
\BOOKMARK [3][-]{subsubsection.5.4.2.2}{\376\377\0005\000.\0004\000.\0002\000.\0002\000\040\000i\000t\000o\000s\000\050\000\051}{subsection.5.4.2}% 183
\BOOKMARK [0][-]{section*.65}{\376\377\000I\000n\000d\000e\000x}{}% 184
